[INFO ] 2022-12-14 13:22:21.590 [main] Log - chrome browser is selected
[INFO ] 2022-12-14 13:22:21.995 [main] Log - Open chrome browser
[INFO ] 2022-12-14 13:22:22.128 [main] Log - window is maximized
[INFO ] 2022-12-14 13:22:27.962 [main] Log - Open the url : https://pulse-stage.projectai.com/en/admin/login/?next=/en/admin/
[INFO ] 2022-12-14 13:22:28.002 [main] Log - navigateToLoginPage test is starting.
[INFO ] 2022-12-14 13:22:28.118 [main] Log - navigateToLoginPage Test is passed
[INFO ] 2022-12-14 13:22:28.122 [main] Log - navigateToLoginPage com.blazeclan.qa.test.testng.TestFramework  null a26b7a02-47d5-4e40-a32a-b7b9731d654d  []
[INFO ] 2022-12-14 13:22:28.285 [main] Log - loginToApplication test is starting.
[INFO ] 2022-12-14 13:22:28.350 [main] Log - Text in element : [[ChromeDriver: chrome on WINDOWS (bf7d0d6bef11ed005bd17cdc147c3c23)] -> xpath: //input[@id='id_username']] is cleared
[INFO ] 2022-12-14 13:22:28.400 [main] Log - Click on Text Box: [[ChromeDriver: chrome on WINDOWS (bf7d0d6bef11ed005bd17cdc147c3c23)] -> xpath: //input[@id='id_username']]
[INFO ] 2022-12-14 13:22:28.466 [main] Log - Enter text on [[ChromeDriver: chrome on WINDOWS (bf7d0d6bef11ed005bd17cdc147c3c23)] -> xpath: //input[@id='id_username']] :premila.jina@projectai.com
[INFO ] 2022-12-14 13:22:28.509 [main] Log - Text in element : [[ChromeDriver: chrome on WINDOWS (bf7d0d6bef11ed005bd17cdc147c3c23)] -> xpath: //input[@id='id_password']] is cleared
[INFO ] 2022-12-14 13:22:28.554 [main] Log - Click on Text Box: [[ChromeDriver: chrome on WINDOWS (bf7d0d6bef11ed005bd17cdc147c3c23)] -> xpath: //input[@id='id_password']]
[INFO ] 2022-12-14 13:22:28.606 [main] Log - Enter text on [[ChromeDriver: chrome on WINDOWS (bf7d0d6bef11ed005bd17cdc147c3c23)] -> xpath: //input[@id='id_password']] :Hetvi2012!
[INFO ] 2022-12-14 13:22:28.654 [main] Log - wait for until element [[ChromeDriver: chrome on WINDOWS (bf7d0d6bef11ed005bd17cdc147c3c23)] -> xpath: //input[@type='submit']] is visible
[INFO ] 2022-12-14 13:22:32.823 [main] Log - Click on element: Proxy element for: DefaultElementLocator 'By.xpath: //input[@type='submit']'
[INFO ] 2022-12-14 13:22:32.831 [main] Log - loginToApplication Test is passed
[INFO ] 2022-12-14 13:22:32.832 [main] Log - loginToApplication com.blazeclan.qa.test.testng.TestFramework  null 570a7ae0-4012-4f97-8bf2-7348464eea42  []
[INFO ] 2022-12-14 13:22:33.775 [main] Log - browser closed
[INFO ] 2022-12-14 13:22:33.809 [main] Log - I am in onFinish method testng
[INFO ] 2022-12-14 13:30:07.037 [main] Log - chrome browser is selected
[INFO ] 2022-12-14 13:30:07.461 [main] Log - Open chrome browser
[INFO ] 2022-12-14 13:30:07.585 [main] Log - window is maximized
[INFO ] 2022-12-14 13:30:12.978 [main] Log - Open the url : https://pulse-stage.projectai.com/en/admin/login/?next=/en/admin/
[INFO ] 2022-12-14 13:30:13.017 [main] Log - navigateToLoginPage test is starting.
[INFO ] 2022-12-14 13:30:13.133 [main] Log - navigateToLoginPage Test is passed
[INFO ] 2022-12-14 13:30:13.136 [main] Log - navigateToLoginPage com.blazeclan.qa.test.testng.TestFramework  null e5039f98-29d6-4b69-afe2-7b4de6d845dc  []
[INFO ] 2022-12-14 13:30:13.323 [main] Log - loginToApplication test is starting.
[INFO ] 2022-12-14 13:30:13.379 [main] Log - Text in element : [[ChromeDriver: chrome on WINDOWS (3f53beb236eb51bce47b8add0292e14d)] -> xpath: //input[@id='id_username']] is cleared
[INFO ] 2022-12-14 13:30:13.424 [main] Log - Click on Text Box: [[ChromeDriver: chrome on WINDOWS (3f53beb236eb51bce47b8add0292e14d)] -> xpath: //input[@id='id_username']]
[INFO ] 2022-12-14 13:30:13.487 [main] Log - Enter text on [[ChromeDriver: chrome on WINDOWS (3f53beb236eb51bce47b8add0292e14d)] -> xpath: //input[@id='id_username']] :premila.jina@projectai.com
[INFO ] 2022-12-14 13:30:13.529 [main] Log - Text in element : [[ChromeDriver: chrome on WINDOWS (3f53beb236eb51bce47b8add0292e14d)] -> xpath: //input[@id='id_password']] is cleared
[INFO ] 2022-12-14 13:30:13.587 [main] Log - Click on Text Box: [[ChromeDriver: chrome on WINDOWS (3f53beb236eb51bce47b8add0292e14d)] -> xpath: //input[@id='id_password']]
[INFO ] 2022-12-14 13:30:13.644 [main] Log - Enter text on [[ChromeDriver: chrome on WINDOWS (3f53beb236eb51bce47b8add0292e14d)] -> xpath: //input[@id='id_password']] :Hetvi2012!
[INFO ] 2022-12-14 13:30:13.693 [main] Log - wait for until element [[ChromeDriver: chrome on WINDOWS (3f53beb236eb51bce47b8add0292e14d)] -> xpath: //input[@type='submit']] is visible
[INFO ] 2022-12-14 13:30:18.233 [main] Log - Click on element: Proxy element for: DefaultElementLocator 'By.xpath: //input[@type='submit']'
[INFO ] 2022-12-14 13:30:18.243 [main] Log - loginToApplication Test is passed
[INFO ] 2022-12-14 13:30:18.243 [main] Log - loginToApplication com.blazeclan.qa.test.testng.TestFramework  null 0c3df38a-07b6-4821-9dfd-97e1a107cbde  []
[INFO ] 2022-12-14 13:30:19.994 [main] Log - browser closed
[INFO ] 2022-12-14 13:30:20.224 [main] Log - I am in onFinish method testng
